Atrio#Plaza San Mateo#10#927231266#60#5.54545
Leire#Pajin#Bilbao#4#1
Pepa#Bueno#Madrid#4#1
Carmen#Martínez#Santander#2#1
Adrián#Puente Madera#Toledo#3#1
Juan#Roig Alfonso#Valencia#10#1
Felix#Llanos#Valladolid#5#1
Jaume#Matas#Baleares#12#1
Usun#Yoon#Madrid#2#1
Ferrán#Adriá#Barcelona#2#1
Joan#Roca#Gerona#2#1
Gabino#Diego#Madrid#7#3
Casa Mijhaeli#Barrio Nuevo 6#1#927242112#34#5.42857
Emma#García#Vitoria#2#2
Nuria#Roca#Castellon#4#2
Patricia#Conde#Castellon#4#2
Sara#Carbonero#Almeria#9#2
Ana#Morgade#León#6#2
Cristina#Pedroche#Jaén#4#2
José#Mira Iborra#Badajoz#4#1
El Paladar de Felisa#Sergio Sánches 10#2#927232222#40#4
José#Mota#Segovia#13#2
El Puchero#Plaza Mayor 7#1#927231132#80#4.25
Antonio#Alcantara#Albacete#7#1
Miguel#Marco Gol#Toledo#4#1
Risto#Mejide#Barcelona#22#1
Pablo#Iglesias#Madrid#12#1
José#Carretero Doménech#Pamplona#22#1
Kiko#Rivera#Malaga#3#1
Cándido#Méndez#Badajoz#5#1
Román#Calavera Calva#Badajoz#5#1
El Raco de Sanguino#Plaza de las Veletas 4#2#927235566#40#3.8
Luz#Cuesta Caro#Segovia#6#1
Cesar#Alierta Izuel#Zaragoza#6#1
Ricardo#Costa#Valencia#15#1
María#Escario#Valladolid#10#1
Javier#Bardén#Baleares#3#1
Figon#Plaza San Juan 12#3#927215389#60#6.2
Susana#Díaz Pacheco#Sevilla#2#1
Agustín#Barberás#Sevilla#8#2
Ferran#Falco#Barcelona#15#2
Pilar#Rubio#Madrid#2#1
Jordi#Evole#Barcelona#4#2
Pedro#Sánchez#Madrid#4#3
Mónica#López#Madrid#6#1
Cristobal#Montoro#Burgos#10#2
Tania#Sánchez#Madrid#2#1
Carmen#Machi#Madrid#6#1
Hornos 25#Hornos 25#1#927217766#20#4
Julio#Conesa Cara#Albacete#5#1
Manuel#Esparrago Triguero#Badajoz#8#2
La Cacharreria#Orellana 1#1#927251477#40#7
Jorge Javier#Vázquez#Madrid#6#1
Ana#Pastor#Salamanca#8#1
Juan#Echanove#Madrid#10#2
Cristobal#Montoro#Jaen#8#1
Isolina#Gato Sardina#Toledo#6#3
La Minerva#Plaza Mayor#1#927234400#50#4.57143
Belen#Esteban#Madrid#3#1
José#Blanco#Pontevedra#12#1
José María#Carrascal#Toledo#2#1
Nieves#Herrero#Malaga#8#1
Jaime#Cantizano#Malaga#8#1
Rosa#Díez#Bilbao#2#1
Lorenzo#Caprile#Madrid#11#2
La Tahona#Felipe Uribarri 4#2#927210023#55#5.25
Arturo#Valls#Barcelona#25#1
Matias#Prats#Barcelona#10#1
Roberto#Brasero#Salamanca#5#1
Mercedes#Milá#Barcelona#12#1
Oquendo#Obispo Segura Sáez 2#2#927235173#30#6.33333
Sonia#Castedo#Alicante#5#1
Beatriz#Montañez#Burgos#8#1
Iker#Casillas#Madrid#2#1
Palacio de los Golfines#Adarve Padre Rosalio 2#3#927221221#200#5
Willy#Toledo#Madrid#30#1
Dani#Rovira#Sevilla#26#1
Nerea#Barros#Cordoba#10#1
Raúl#Arévalo#Toledo#5#2
San Juan#Plaza de San Juan 9#2#927225566#40#5.33333
Karlos#Arguiñano#Bilbao#10#1
Ramón#Arangüena#Bilbao#10#1
Anabel#Alonso#Bilbao#20#1
Torre de Sande#Calle de los Condes 3#3#927249000#55#5.5
José#Mourinho#Madrid#36#1
Rafael#Amargo#Granada#12#1
